<?xml version="1.0" encoding="UTF-8"?>
<!-- Generated by org.testng.reporters.JUnitReportReporter -->
<testsuite name="Selenium.PNCBATCH.Assisment1" tests="1" time="0.013" ignored="0" failures="0" timestamp="13 Jul 2018 10:22:44 GMT" skipped="0" hostname="P4A-508SD52" errors="0">
  <testcase name="f" time="0.013" classname="Selenium.PNCBATCH.Assisment1"/>
</testsuite> <!-- Selenium.PNCBATCH.Assisment1 -->
