<?xml version="1.0" encoding="UTF-8"?>
<!-- Generated by org.testng.reporters.JUnitReportReporter -->
<testsuite name="basicPOM.LoginTestcase" tests="1" time="13.038" ignored="0" failures="0" timestamp="13 Jul 2018 09:28:39 GMT" skipped="0" hostname="P4A-508SD52" errors="0">
  <testcase name="f" time="13.038" classname="basicPOM.LoginTestcase"/>
</testsuite> <!-- basicPOM.LoginTestcase -->
