<?xml version="1.0" encoding="UTF-8"?>
<!-- Generated by org.testng.reporters.JUnitReportReporter -->
<testsuite name="Selenium.PNCBATCH.DemocheckboxSelected" tests="1" time="0.367" ignored="0" failures="0" timestamp="11 Jul 2018 08:52:00 GMT" skipped="0" hostname="P4A-508SD52" errors="0">
  <testcase name="f" time="0.367" classname="Selenium.PNCBATCH.DemocheckboxSelected"/>
</testsuite> <!-- Selenium.PNCBATCH.DemocheckboxSelected -->
