<?xml version="1.0" encoding="UTF-8"?>
<!-- Generated by org.testng.reporters.JUnitReportReporter -->
<testsuite name="Selenium.PNCBATCH.DemoNavigation" tests="1" time="22.394" ignored="0" failures="0" timestamp="11 Jul 2018 09:51:28 GMT" skipped="0" hostname="P4A-508SD52" errors="0">
  <testcase name="navigation" time="22.394" classname="Selenium.PNCBATCH.DemoNavigation"/>
</testsuite> <!-- Selenium.PNCBATCH.DemoNavigation -->
