<?xml version="1.0" encoding="UTF-8"?>
<!-- Generated by org.testng.reporters.JUnitReportReporter -->
<testsuite name="Selenium.PNCBATCH.DemoAlert" tests="1" time="1.338" ignored="0" failures="0" timestamp="13 Jul 2018 08:55:01 GMT" skipped="0" hostname="P4A-508SD52" errors="0">
  <testcase name="f" time="1.338" classname="Selenium.PNCBATCH.DemoAlert"/>
</testsuite> <!-- Selenium.PNCBATCH.DemoAlert -->
