<?xml version="1.0" encoding="UTF-8"?>
<!-- Generated by org.testng.reporters.JUnitReportReporter -->
<testsuite name="advancedPOM.AdvLoginTest" tests="1" time="4.462" ignored="0" failures="0" timestamp="13 Jul 2018 09:56:55 GMT" skipped="0" hostname="P4A-508SD52" errors="0">
  <testcase name="f" time="4.462" classname="advancedPOM.AdvLoginTest"/>
</testsuite> <!-- advancedPOM.AdvLoginTest -->
