<?xml version="1.0" encoding="UTF-8"?>
<!-- Generated by org.testng.reporters.JUnitReportReporter -->
<testsuite name="Selenium.PNCBATCH.NewTest" tests="1" time="1.734" ignored="0" failures="0" timestamp="11 Jul 2018 09:06:39 GMT" skipped="0" hostname="P4A-508SD52" errors="0">
  <testcase name="linkEnable" time="1.734" classname="Selenium.PNCBATCH.NewTest"/>
</testsuite> <!-- Selenium.PNCBATCH.NewTest -->
