<?xml version="1.0" encoding="UTF-8"?>
<!-- Generated by org.testng.reporters.JUnitReportReporter -->
<testsuite hostname="P4A-508SD52" name="tests.RegistrationTest" tests="1" failures="0" timestamp="25 Jul 2018 06:47:18 GMT" time="4.157" errors="0">
  <testcase name="Testregistration" time="4.157" classname="tests.RegistrationTest"/>
</testsuite> <!-- tests.RegistrationTest -->
